<?xml version="1.0" encoding="UTF-8"?>
<!-- Generated by org.testng.reporters.JUnitReportReporter -->
<testsuite hostname="DEC1768" failures="0" tests="7" name="com.qa.testcases.SummaryPageTest" time="360.326" errors="0" timestamp="2023-02-24T12:06:44 IST" skipped="0">
  <testcase classname="com.qa.testcases.SummaryPageTest" name="loginTest" time="89.672"/>
  <system-out/>
  <testcase classname="com.qa.testcases.SummaryPageTest" name="cifTest" time="41.270"/>
  <system-out/>
  <testcase classname="com.qa.testcases.SummaryPageTest" name="addressTest" time="11.313"/>
  <system-out/>
  <testcase classname="com.qa.testcases.SummaryPageTest" name="PerTest" time="35.733"/>
  <system-out/>
  <testcase classname="com.qa.testcases.SummaryPageTest" name="EmpTest" time="91.723"/>
  <system-out/>
  <testcase classname="com.qa.testcases.SummaryPageTest" name="CardTest" time="30.199"/>
  <system-out/>
  <testcase classname="com.qa.testcases.SummaryPageTest" name="summaryTest" time="60.416"/>
  <system-out/>
</testsuite> <!-- com.qa.testcases.SummaryPageTest -->
